This is pdfTeX, Version 3.1415926-1.40.10 (TeX Live 2009/Debian) (format=pdflatex 2011.5.29)  1 FEB 2012 11:43
entering extended mode
 %&-line parsing enabled.
**4uphandouts.tex
(./4uphandouts.tex
LaTeX2e <2009/09/24>
Babel <v3.8l> and hyphenation patterns for english, usenglishmax, dumylang, noh
yphenation, farsi, arabic, croatian, bulgarian, ukrainian, russian, czech, slov
ak, danish, dutch, finnish, french, basque, ngerman, german, german-x-2009-06-1
9, ngerman-x-2009-06-19, ibycus, monogreek, greek, ancientgreek, hungarian, san
skrit, italian, latin, latvian, lithuanian, mongolian2a, mongolian, bokmal, nyn
orsk, romanian, irish, coptic, serbian, turkish, welsh, esperanto, uppersorbian
, estonian, indonesian, interlingua, icelandic, kurmanji, slovenian, polish, po
rtuguese, spanish, galician, catalan, swedish, ukenglish, pinyin, loaded.
(/usr/share/texmf/tex/latex/beamer/base/beamer.cls
(/usr/share/texmf/tex/latex/beamer/base/beamerbasercs.sty
Package: beamerbasercs 2007/01/28 (rcs-revision 1.4)
)
Document Class: beamer 2007/03/11 cvs version 3.07 A class for typesetting pres
entations (rcs-revision 1.70)
(/usr/share/texmf/tex/latex/beamer/base/beamerbasemodes.sty
Package: beamerbasemodes 2007/01/28 (rcs-revision 1.22)
\beamer@tempbox=\box26
\beamer@tempcount=\count79
\c@beamerpauses=\count80

(/usr/share/texmf/tex/latex/beamer/base/beamerbasedecode.sty
Package: beamerbasedecode 2007/01/28 (rcs-revision 1.20)
\beamer@slideinframe=\count81
\beamer@minimum=\count82
)
\beamer@commentbox=\box27
\beamer@modecount=\count83
)
\headheight=\dimen102
\headdp=\dimen103
\footheight=\dimen104
\sidebarheight=\dimen105
\beamer@tempdim=\dimen106
\beamer@finalheight=\dimen107
\beamer@animht=\dimen108
\beamer@animdp=\dimen109
\beamer@animwd=\dimen110
\beamer@leftmargin=\dimen111
\beamer@rightmargin=\dimen112
\beamer@leftsidebar=\dimen113
\beamer@rightsidebar=\dimen114
\beamer@boxsize=\dimen115
\beamer@vboxoffset=\dimen116
\beamer@descdefault=\dimen117
\beamer@descriptionwidth=\dimen118
\beamer@lastskip=\skip41
\beamer@areabox=\box28
\beamer@animcurrent=\box29
\beamer@animshowbox=\box30
\beamer@sectionbox=\box31
\beamer@logobox=\box32
\beamer@linebox=\box33
\beamer@sectioncount=\count84
\beamer@subsubsectionmax=\count85
\beamer@subsectionmax=\count86
\beamer@sectionmax=\count87
\beamer@totalheads=\count88
\beamer@headcounter=\count89
\beamer@partstartpage=\count90
\beamer@sectionstartpage=\count91
\beamer@subsectionstartpage=\count92
\beamer@animationtempa=\count93
\beamer@animationtempb=\count94
\beamer@xpos=\count95
\beamer@ypos=\count96
\beamer@showpartnumber=\count97
\beamer@currentsubsection=\count98
\beamer@coveringdepth=\count99
\beamer@sectionadjust=\count100
\beamer@tocsectionnumber=\count101

(/usr/share/texmf/tex/latex/beamer/base/beamerbaseoptions.sty
Package: beamerbaseoptions 2007/01/28 (rcs-revision 1.8)

(/usr/share/texmf-texlive/tex/latex/graphics/keyval.sty
Package: keyval 1999/03/16 v1.13 key=value parser (DPC)
\KV@toks@=\toks14
))
(/usr/share/texmf/tex/latex/pgf/basiclayer/pgfcore.sty
(/usr/share/texmf-texlive/tex/latex/graphics/graphicx.sty
Package: graphicx 1999/02/16 v1.0f Enhanced LaTeX Graphics (DPC,SPQR)

(/usr/share/texmf-texlive/tex/latex/graphics/graphics.sty
Package: graphics 2009/02/05 v1.0o Standard LaTeX Graphics (DPC,SPQR)

(/usr/share/texmf-texlive/tex/latex/graphics/trig.sty
Package: trig 1999/03/16 v1.09 sin cos tan (DPC)
)
(/etc/texmf/tex/latex/config/graphics.cfg
File: graphics.cfg 2009/08/28 v1.8 graphics configuration of TeX Live
)
Package graphics Info: Driver file: pdftex.def on input line 91.

(/usr/share/texmf-texlive/tex/latex/pdftex-def/pdftex.def
File: pdftex.def 2010/03/12 v0.04p Graphics/color for pdfTeX
\Gread@gobject=\count102
))
\Gin@req@height=\dimen119
\Gin@req@width=\dimen120
)
(/usr/share/texmf/tex/latex/pgf/systemlayer/pgfsys.sty
(/usr/share/texmf/tex/latex/pgf/utilities/pgfrcs.sty
(/usr/share/texmf/tex/generic/pgf/utilities/pgfutil-common.tex
\pgfutil@everybye=\toks15
)
(/usr/share/texmf/tex/generic/pgf/utilities/pgfutil-latex.def)
(/usr/share/texmf/tex/generic/pgf/utilities/pgfrcs.code.tex
Package: pgfrcs 2008/02/20 v2.00 (rcs-revision 1.21)
))
(/usr/share/texmf/tex/generic/pgf/systemlayer/pgfsys.code.tex
Package: pgfsys 2008/02/07 v2.00 (rcs-revision 1.31)

(/usr/share/texmf/tex/generic/pgf/utilities/pgfkeys.code.tex
\pgfkeys@pathtoks=\toks16
\pgfkeys@temptoks=\toks17
)
\pgf@x=\dimen121
\pgf@y=\dimen122
\pgf@xa=\dimen123
\pgf@ya=\dimen124
\pgf@xb=\dimen125
\pgf@yb=\dimen126
\pgf@xc=\dimen127
\pgf@yc=\dimen128
\c@pgf@counta=\count103
\c@pgf@countb=\count104
\c@pgf@countc=\count105
\c@pgf@countd=\count106

(/usr/share/texmf/tex/generic/pgf/systemlayer/pgf.cfg
File: pgf.cfg 2008/01/13  (rcs-revision 1.6)
)
Package pgfsys Info: Driver file for pgf: pgfsys-pdftex.def on input line 885.

(/usr/share/texmf/tex/generic/pgf/systemlayer/pgfsys-pdftex.def
File: pgfsys-pdftex.def 2007/12/20  (rcs-revision 1.20)

(/usr/share/texmf/tex/generic/pgf/systemlayer/pgfsys-common-pdf.def
File: pgfsys-common-pdf.def 2007/12/17  (rcs-revision 1.8)
)))
(/usr/share/texmf/tex/generic/pgf/systemlayer/pgfsyssoftpath.code.tex
File: pgfsyssoftpath.code.tex 2008/01/23  (rcs-revision 1.6)
\pgfsyssoftpath@smallbuffer@items=\count107
\pgfsyssoftpath@bigbuffer@items=\count108
)
(/usr/share/texmf/tex/generic/pgf/systemlayer/pgfsysprotocol.code.tex
File: pgfsysprotocol.code.tex 2006/10/16  (rcs-revision 1.4)
))
(/usr/share/texmf/tex/latex/xcolor/xcolor.sty
Package: xcolor 2007/01/21 v2.11 LaTeX color extensions (UK)

(/etc/texmf/tex/latex/config/color.cfg
File: color.cfg 2007/01/18 v1.5 color configuration of teTeX/TeXLive
)
Package xcolor Info: Driver file: pdftex.def on input line 225.
Package xcolor Info: Model `cmy' substituted by `cmy0' on input line 1337.
Package xcolor Info: Model `hsb' substituted by `rgb' on input line 1341.
Package xcolor Info: Model `RGB' extended on input line 1353.
Package xcolor Info: Model `HTML' substituted by `rgb' on input line 1355.
Package xcolor Info: Model `Hsb' substituted by `hsb' on input line 1356.
Package xcolor Info: Model `tHsb' substituted by `hsb' on input line 1357.
Package xcolor Info: Model `HSB' substituted by `hsb' on input line 1358.
Package xcolor Info: Model `Gray' substituted by `gray' on input line 1359.
Package xcolor Info: Model `wave' substituted by `hsb' on input line 1360.
)
(/usr/share/texmf/tex/generic/pgf/basiclayer/pgfcore.code.tex
Package: pgfcore 2008/01/15 v2.00 (rcs-revision 1.6)

(/usr/share/texmf/tex/generic/pgf/math/pgfmath.code.tex
(/usr/share/texmf/tex/generic/pgf/math/pgfmathcalc.code.tex
(/usr/share/texmf/tex/generic/pgf/math/pgfmathutil.code.tex
\pgfmath@box=\box34
)
(/usr/share/texmf/tex/generic/pgf/math/pgfmathparser.code.tex
\pgfmath@stack=\toks18
\c@pgfmath@parsecounta=\count109
\c@pgfmath@parsecountb=\count110
\c@pgfmath@parsecountc=\count111
\pgfmath@parsex=\dimen129
)
(/usr/share/texmf/tex/generic/pgf/math/pgfmathoperations.code.tex
(/usr/share/texmf/tex/generic/pgf/math/pgfmathtrig.code.tex)
(/usr/share/texmf/tex/generic/pgf/math/pgfmathrnd.code.tex))
(/usr/share/texmf/tex/generic/pgf/math/pgfmathbase.code.tex)))
(/usr/share/texmf/tex/generic/pgf/basiclayer/pgfcorepoints.code.tex
File: pgfcorepoints.code.tex 2008/02/03  (rcs-revision 1.13)
\pgf@picminx=\dimen130
\pgf@picmaxx=\dimen131
\pgf@picminy=\dimen132
\pgf@picmaxy=\dimen133
\pgf@pathminx=\dimen134
\pgf@pathmaxx=\dimen135
\pgf@pathminy=\dimen136
\pgf@pathmaxy=\dimen137
\pgf@xx=\dimen138
\pgf@xy=\dimen139
\pgf@yx=\dimen140
\pgf@yy=\dimen141
\pgf@zx=\dimen142
\pgf@zy=\dimen143
)
(/usr/share/texmf/tex/generic/pgf/basiclayer/pgfcorepathconstruct.code.tex
File: pgfcorepathconstruct.code.tex 2008/02/13  (rcs-revision 1.14)
\pgf@path@lastx=\dimen144
\pgf@path@lasty=\dimen145
)
(/usr/share/texmf/tex/generic/pgf/basiclayer/pgfcorepathusage.code.tex
File: pgfcorepathusage.code.tex 2008/01/23  (rcs-revision 1.11)
\pgf@shorten@end@additional=\dimen146
\pgf@shorten@start@additional=\dimen147
)
(/usr/share/texmf/tex/generic/pgf/basiclayer/pgfcorescopes.code.tex
File: pgfcorescopes.code.tex 2008/01/15  (rcs-revision 1.26)
\pgfpic=\box35
\pgf@hbox=\box36
\pgf@layerbox@main=\box37
\pgf@picture@serial@count=\count112
)
(/usr/share/texmf/tex/generic/pgf/basiclayer/pgfcoregraphicstate.code.tex
File: pgfcoregraphicstate.code.tex 2007/12/12  (rcs-revision 1.8)
\pgflinewidth=\dimen148
)
(/usr/share/texmf/tex/generic/pgf/basiclayer/pgfcoretransformations.code.tex
File: pgfcoretransformations.code.tex 2008/02/04  (rcs-revision 1.10)
\pgf@pt@x=\dimen149
\pgf@pt@y=\dimen150
\pgf@pt@temp=\dimen151
)
(/usr/share/texmf/tex/generic/pgf/basiclayer/pgfcorequick.code.tex
File: pgfcorequick.code.tex 2006/10/11  (rcs-revision 1.2)
)
(/usr/share/texmf/tex/generic/pgf/basiclayer/pgfcoreobjects.code.tex
File: pgfcoreobjects.code.tex 2006/10/11  (rcs-revision 1.2)
)
(/usr/share/texmf/tex/generic/pgf/basiclayer/pgfcorepathprocessing.code.tex
File: pgfcorepathprocessing.code.tex 2008/01/23  (rcs-revision 1.7)
)
(/usr/share/texmf/tex/generic/pgf/basiclayer/pgfcorearrows.code.tex
File: pgfcorearrows.code.tex 2007/06/07  (rcs-revision 1.8)
)
(/usr/share/texmf/tex/generic/pgf/basiclayer/pgfcoreshade.code.tex
File: pgfcoreshade.code.tex 2007/12/10  (rcs-revision 1.9)
\pgf@max=\dimen152
\pgf@sys@shading@range@num=\count113
)
(/usr/share/texmf/tex/generic/pgf/basiclayer/pgfcoreimage.code.tex
File: pgfcoreimage.code.tex 2008/01/15  (rcs-revision 1.1)
\pgfexternal@startupbox=\box38
)
(/usr/share/texmf/tex/generic/pgf/basiclayer/pgfcorelayers.code.tex
File: pgfcorelayers.code.tex 2008/01/15  (rcs-revision 1.1)
)
(/usr/share/texmf/tex/generic/pgf/basiclayer/pgfcoretransparency.code.tex
File: pgfcoretransparency.code.tex 2008/01/17  (rcs-revision 1.2)
)
(/usr/share/texmf/tex/generic/pgf/basiclayer/pgfcorepatterns.code.tex
File: pgfcorepatterns.code.tex 2008/01/15  (rcs-revision 1.1)
)))
(/usr/share/texmf/tex/latex/pgf/basiclayer/pgfbaseimage.sty

Package pgf Warning: This package is obsolete and no longer needed on input lin
e 13.

) (/usr/share/texmf/tex/latex/pgf/utilities/xxcolor.sty
Package: xxcolor 2003/10/24 ver 0.1
\XC@nummixins=\count114
\XC@countmixins=\count115
)
(/usr/share/texmf-texlive/tex/latex/amsfonts/amssymb.sty
Package: amssymb 2009/06/22 v3.00

(/usr/share/texmf-texlive/tex/latex/amsfonts/amsfonts.sty
Package: amsfonts 2009/06/22 v3.00 Basic AMSFonts support
\@emptytoks=\toks19
\symAMSa=\mathgroup4
\symAMSb=\mathgroup5
LaTeX Font Info:    Overwriting math alphabet `\mathfrak' in version `bold'
(Font)                  U/euf/m/n --> U/euf/b/n on input line 96.
))
(/usr/share/texmf-texlive/tex/latex/geometry/geometry.sty
Package: geometry 2008/12/21 v4.2 Page Geometry

(/usr/share/texmf-texlive/tex/generic/oberdiek/ifpdf.sty
Package: ifpdf 2009/04/10 v2.0 Provides the ifpdf switch (HO)
Package ifpdf Info: pdfTeX in pdf mode detected.
)
(/usr/share/texmf-texlive/tex/generic/oberdiek/ifvtex.sty
Package: ifvtex 2008/11/04 v1.4 Switches for detecting VTeX and its modes (HO)
Package ifvtex Info: VTeX not detected.
)
\Gm@cnth=\count116
\Gm@cntv=\count117
\c@Gm@tempcnt=\count118
\Gm@bindingoffset=\dimen153
\Gm@wd@mp=\dimen154
\Gm@odd@mp=\dimen155
\Gm@even@mp=\dimen156
\Gm@dimlist=\toks20

(/usr/share/texmf-texlive/tex/xelatex/xetexconfig/geometry.cfg))
(/usr/share/texmf-texlive/tex/latex/hyperref/hyperref.sty
Package: hyperref 2009/10/09 v6.79a Hypertext links for LaTeX

(/usr/share/texmf-texlive/tex/generic/ifxetex/ifxetex.sty
Package: ifxetex 2009/01/23 v0.5 Provides ifxetex conditional
)
(/usr/share/texmf-texlive/tex/latex/oberdiek/hycolor.sty
Package: hycolor 2009/10/02 v1.5 Code for color options of hyperref/bookmark (H
O)

(/usr/share/texmf-texlive/tex/latex/oberdiek/xcolor-patch.sty
Package: xcolor-patch 2009/10/02 xcolor patch
))
\@linkdim=\dimen157
\Hy@linkcounter=\count119
\Hy@pagecounter=\count120

(/usr/share/texmf-texlive/tex/latex/hyperref/pd1enc.def
File: pd1enc.def 2009/10/09 v6.79a Hyperref: PDFDocEncoding definition (HO)
)
(/usr/share/texmf-texlive/tex/generic/oberdiek/etexcmds.sty
Package: etexcmds 2007/12/12 v1.2 Prefix for e-TeX command names (HO)

(/usr/share/texmf-texlive/tex/generic/oberdiek/infwarerr.sty
Package: infwarerr 2007/09/09 v1.2 Providing info/warning/message (HO)
)
Package etexcmds Info: Could not find \expanded.
(etexcmds)             That can mean that you are not using pdfTeX 1.50 or
(etexcmds)             that some package has redefined \expanded.
(etexcmds)             In the latter case, load this package earlier.
)
(/usr/share/texmf-texlive/tex/latex/latexconfig/hyperref.cfg
File: hyperref.cfg 2002/06/06 v1.2 hyperref configuration of TeXLive
)
(/usr/share/texmf-texlive/tex/latex/oberdiek/kvoptions.sty
Package: kvoptions 2009/08/13 v3.4 Keyval support for LaTeX options (HO)

(/usr/share/texmf-texlive/tex/generic/oberdiek/kvsetkeys.sty
Package: kvsetkeys 2009/07/30 v1.5 Key value parser with default handler suppor
t (HO)
))
Package hyperref Info: Option `bookmarks' set `true' on input line 2864.
Package hyperref Info: Option `bookmarksopen' set `true' on input line 2864.
Package hyperref Info: Option `implicit' set `false' on input line 2864.
Package hyperref Info: Hyper figures OFF on input line 2975.
Package hyperref Info: Link nesting OFF on input line 2980.
Package hyperref Info: Hyper index ON on input line 2983.
Package hyperref Info: Plain pages OFF on input line 2990.
Package hyperref Info: Backreferencing OFF on input line 2995.

Implicit mode OFF; no redefinition of LaTeX internals
Package hyperref Info: Bookmarks ON on input line 3191.
(/usr/share/texmf-texlive/tex/latex/ltxmisc/url.sty
\Urlmuskip=\muskip10
Package: url 2006/04/12  ver 3.3  Verb mode for urls, etc.
)
LaTeX Info: Redefining \url on input line 3428.

(/usr/share/texmf-texlive/tex/generic/oberdiek/bitset.sty
Package: bitset 2007/09/28 v1.0 Data type bit set (HO)

(/usr/share/texmf-texlive/tex/generic/oberdiek/intcalc.sty
Package: intcalc 2007/09/27 v1.1 Expandable integer calculations (HO)
)
(/usr/share/texmf-texlive/tex/generic/oberdiek/bigintcalc.sty
Package: bigintcalc 2007/11/11 v1.1 Expandable big integer calculations (HO)

(/usr/share/texmf-texlive/tex/generic/oberdiek/pdftexcmds.sty
Package: pdftexcmds 2009/09/23 v0.6 LuaTeX support for pdfTeX utility functions
 (HO)

(/usr/share/texmf-texlive/tex/generic/oberdiek/ifluatex.sty
Package: ifluatex 2009/04/17 v1.2 Provides the ifluatex switch (HO)
Package ifluatex Info: LuaTeX not detected.
)
(/usr/share/texmf-texlive/tex/generic/oberdiek/ltxcmds.sty
Package: ltxcmds 2009/08/05 v1.0 Some LaTeX kernel commands for general use (HO
)
)
Package pdftexcmds Info: LuaTeX not detected.
Package pdftexcmds Info: \pdf@primitive is available.
Package pdftexcmds Info: \pdf@ifprimitive is available.
)))
\Fld@menulength=\count121
\Field@Width=\dimen158
\Fld@charsize=\dimen159
\Field@toks=\toks21
Package hyperref Info: Hyper figures OFF on input line 4377.
Package hyperref Info: Link nesting OFF on input line 4382.
Package hyperref Info: Hyper index ON on input line 4385.
Package hyperref Info: backreferencing OFF on input line 4392.
Package hyperref Info: Link coloring OFF on input line 4397.
Package hyperref Info: Link coloring with OCG OFF on input line 4402.
Package hyperref Info: PDF/A mode OFF on input line 4407.

(/usr/share/texmf-texlive/tex/generic/oberdiek/atbegshi.sty
Package: atbegshi 2008/07/31 v1.9 At begin shipout hook (HO)
)

Package hyperref Warning: Option `pdfpagelabels' is turned off
(hyperref)                because \thepage is undefined.

Hyperref stopped early
)
*hyperref using default driver hpdftex*
(/usr/share/texmf-texlive/tex/latex/hyperref/hpdftex.def
File: hpdftex.def 2009/10/09 v6.79a Hyperref driver for pdfTeX
\Fld@listcount=\count122
)
(/usr/share/texmf-texlive/tex/latex/base/size12.clo
File: size12.clo 2007/10/19 v1.4h Standard LaTeX file (size option)
)
(/usr/share/texmf/tex/latex/beamer/base/beamerbasecompatibility.sty
Package: beamerbasecompatibility 2007/01/28  (rcs-revision 1.63)
)
(/usr/share/texmf/tex/latex/beamer/base/beamerbasefont.sty
Package: beamerbasefont 2007/01/28  (rcs-revision 1.16)
)
(/usr/share/texmf/tex/latex/beamer/base/beamerbasemisc.sty
Package: beamerbasemisc 2007/01/28  (rcs-revision 1.24)
)
(/usr/share/texmf/tex/latex/beamer/base/beamerbasetwoscreens.sty
Package: beamerbasetwoscreens 2007/01/28  (rcs-revision 1.7)
)
(/usr/share/texmf/tex/latex/beamer/base/beamerbaseoverlay.sty
Package: beamerbaseoverlay 2007/01/28  (rcs-revision 1.50)
\beamer@argscount=\count123
\beamer@lastskipcover=\skip42
\beamer@trivlistdepth=\count124
)
(/usr/share/texmf/tex/latex/beamer/base/beamerbasetitle.sty
Package: beamerbasetitle 2007/01/28  (rcs-revision 1.25)
)
(/usr/share/texmf/tex/latex/beamer/base/beamerbasesection.sty
Package: beamerbasesection 2007/01/28  (rcs-revision 1.21)
\c@lecture=\count125
\c@part=\count126
\c@section=\count127
\c@subsection=\count128
\c@subsubsection=\count129
)
(/usr/share/texmf/tex/latex/beamer/base/beamerbaseframe.sty
Package: beamerbaseframe 2007/01/28  (rcs-revision 1.60)
\beamer@framebox=\box39
\beamer@frametitlebox=\box40
\beamer@zoombox=\box41
\beamer@zoomcount=\count130
\beamer@zoomframecount=\count131
\beamer@frametextheight=\dimen160
\c@subsectionslide=\count132
\beamer@frametopskip=\skip43
\beamer@framebottomskip=\skip44
\beamer@frametopskipautobreak=\skip45
\beamer@framebottomskipautobreak=\skip46
\beamer@envbody=\toks22
\c@framenumber=\count133
)
(/usr/share/texmf/tex/latex/beamer/base/beamerbaseverbatim.sty
Package: beamerbaseverbatim 2007/01/28  (rcs-revision 1.8)
\beamer@verbatimfileout=\write3
)
(/usr/share/texmf/tex/latex/beamer/base/beamerbaseframesize.sty
Package: beamerbaseframesize 2007/01/28  (rcs-revision 1.18)
\beamer@splitbox=\box42
\beamer@autobreakcount=\count134
\beamer@autobreaklastheight=\dimen161
\beamer@frametitletoks=\toks23
\beamer@framesubtitletoks=\toks24
)
(/usr/share/texmf/tex/latex/beamer/base/beamerbaseframecomponents.sty
Package: beamerbaseframecomponents 2007/01/28  (rcs-revision 1.41)
\beamer@footins=\box43
)
(/usr/share/texmf/tex/latex/beamer/base/beamerbasecolor.sty
Package: beamerbasecolor 2007/01/28  (rcs-revision 1.42)
)
(/usr/share/texmf/tex/latex/beamer/base/beamerbasenotes.sty
Package: beamerbasenotes 2007/01/28  (rcs-revision 1.23)
\beamer@frameboxcopy=\box44
)
(/usr/share/texmf/tex/latex/beamer/base/beamerbasetoc.sty
Package: beamerbasetoc 2007/01/28  (rcs-revision 1.21)
)
(/usr/share/texmf/tex/latex/beamer/base/beamerbasetemplates.sty
Package: beamerbasetemplates 2007/01/28  (rcs-revision 1.51)
\beamer@sbttoks=\toks25

(/usr/share/texmf/tex/latex/beamer/base/beamerbaseauxtemplates.sty
Package: beamerbaseauxtemplates 2007/01/28  (rcs-revision 1.28)

(/usr/share/texmf/tex/latex/beamer/base/beamerbaseboxes.sty
Package: beamerbaseboxes 2007/03/11  (rcs-revision 1.32)
\bmb@box=\box45
\bmb@colorbox=\box46
\bmb@boxshadow=\box47
\bmb@boxshadowball=\box48
\bmb@boxshadowballlarge=\box49
\bmb@temp=\dimen162
\bmb@dima=\dimen163
\bmb@dimb=\dimen164
\bmb@prevheight=\dimen165
)
\beamer@blockheadheight=\dimen166
))
(/usr/share/texmf/tex/latex/beamer/base/beamerbaselocalstructure.sty
Package: beamerbaselocalstructure 2007/01/28  (rcs-revision 1.53)

(/usr/share/texmf-texlive/tex/latex/tools/enumerate.sty
Package: enumerate 1999/03/05 v3.00 enumerate extensions (DPC)
\@enLab=\toks26
)
\c@figure=\count135
\c@table=\count136
\abovecaptionskip=\skip47
\belowcaptionskip=\skip48
)
(/usr/share/texmf/tex/latex/beamer/base/beamerbasenavigation.sty
Package: beamerbasenavigation 2007/01/28  (rcs-revision 1.36)
)
(/usr/share/texmf/tex/latex/beamer/base/beamerbasetheorems.sty
Package: beamerbasetheorems 2007/01/28  (rcs-revision 1.10)

(/usr/share/texmf-texlive/tex/latex/translator/translator.sty
Package: translator 2007/03/11 ver 1.00

(/usr/share/texmf-texlive/tex/latex/translator/translator-language-mappings.tex
)) (/usr/share/texmf-texlive/tex/latex/amsmath/amsmath.sty
Package: amsmath 2000/07/18 v2.13 AMS math features
\@mathmargin=\skip49

For additional information on amsmath, use the `?' option.
(/usr/share/texmf-texlive/tex/latex/amsmath/amstext.sty
Package: amstext 2000/06/29 v2.01

(/usr/share/texmf-texlive/tex/latex/amsmath/amsgen.sty
File: amsgen.sty 1999/11/30 v2.0
\@emptytoks=\toks27
\ex@=\dimen167
))
(/usr/share/texmf-texlive/tex/latex/amsmath/amsbsy.sty
Package: amsbsy 1999/11/29 v1.2d
\pmbraise@=\dimen168
)
(/usr/share/texmf-texlive/tex/latex/amsmath/amsopn.sty
Package: amsopn 1999/12/14 v2.01 operator names
)
\inf@bad=\count137
LaTeX Info: Redefining \frac on input line 211.
\uproot@=\count138
\leftroot@=\count139
LaTeX Info: Redefining \overline on input line 307.
\classnum@=\count140
\DOTSCASE@=\count141
LaTeX Info: Redefining \ldots on input line 379.
LaTeX Info: Redefining \dots on input line 382.
LaTeX Info: Redefining \cdots on input line 467.
\Mathstrutbox@=\box50
\strutbox@=\box51
\big@size=\dimen169
LaTeX Font Info:    Redeclaring font encoding OML on input line 567.
LaTeX Font Info:    Redeclaring font encoding OMS on input line 568.
\macc@depth=\count142
\c@MaxMatrixCols=\count143
\dotsspace@=\muskip11
\c@parentequation=\count144
\dspbrk@lvl=\count145
\tag@help=\toks28
\row@=\count146
\column@=\count147
\maxfields@=\count148
\andhelp@=\toks29
\eqnshift@=\dimen170
\alignsep@=\dimen171
\tagshift@=\dimen172
\tagwidth@=\dimen173
\totwidth@=\dimen174
\lineht@=\dimen175
\@envbody=\toks30
\multlinegap=\skip50
\multlinetaggap=\skip51
\mathdisplay@stack=\toks31
LaTeX Info: Redefining \[ on input line 2666.
LaTeX Info: Redefining \] on input line 2667.
)
(/usr/share/texmf-texlive/tex/latex/amscls/amsthm.sty
Package: amsthm 2004/08/06 v2.20
\thm@style=\toks32
\thm@bodyfont=\toks33
\thm@headfont=\toks34
\thm@notefont=\toks35
\thm@headpunct=\toks36
\thm@preskip=\skip52
\thm@postskip=\skip53
\thm@headsep=\skip54
\dth@everypar=\toks37
)
\c@theorem=\count149
)
(/usr/share/texmf/tex/latex/beamer/base/beamerbasethemes.sty
Package: beamerbasethemes 2007/01/28  (rcs-revision 1.10)
)
(/usr/share/texmf/tex/latex/beamer/themes/theme/beamerthemedefault.sty
Package: beamerthemedefault 2007/01/28  (rcs-revision 1.7)

(/usr/share/texmf/tex/latex/beamer/themes/font/beamerfontthemedefault.sty
Package: beamerfontthemedefault 2007/01/28  (rcs-revision 1.13)
)
(/usr/share/texmf/tex/latex/beamer/themes/color/beamercolorthemedefault.sty
Package: beamercolorthemedefault 2007/01/28  (rcs-revision 1.28)
)
(/usr/share/texmf/tex/latex/beamer/themes/inner/beamerinnerthemedefault.sty
Package: beamerinnerthemedefault 2007/01/28  (rcs-revision 1.20)
\beamer@dima=\dimen176
\beamer@dimb=\dimen177
)
(/usr/share/texmf/tex/latex/beamer/themes/outer/beamerouterthemedefault.sty
Package: beamerouterthemedefault 2007/01/28  (rcs-revision 1.14)
)))
(/usr/share/texmf/tex/latex/beamer/themes/theme/beamerthemeCambridgeUS.sty
Package: beamerthemeCambridgeUS 2007/01/28  (rcs-revision 1.2)

(/usr/share/texmf/tex/latex/beamer/themes/inner/beamerinnerthemerounded.sty
Package: beamerinnerthemerounded 2007/01/28  (rcs-revision 1.5)
)
(/usr/share/texmf/tex/latex/beamer/themes/outer/beamerouterthemeinfolines.sty
Package: beamerouterthemeinfolines 2007/01/28  (rcs-revision 1.9)
)
(/usr/share/texmf/tex/latex/beamer/themes/color/beamercolorthemebeaver.sty
Package: beamercolorthemebeaver 2007/01/28  (rcs-revision 1.2)
))
(/usr/share/texmf-texlive/tex/latex/tools/array.sty
Package: array 2008/09/09 v2.4c Tabular extension package (FMi)
\col@sep=\dimen178
\extrarowheight=\dimen179
\NC@list=\toks38
\extratabsurround=\skip55
\backup@length=\skip56
)
(/usr/share/texmf/tex/latex/pgf/utilities/pgfpages.sty
Package: pgfpages 2004/11/05 ver 0.01

(/usr/share/texmf-texlive/tex/latex/tools/calc.sty
Package: calc 2007/08/22 v4.3 Infix arithmetic (KKT,FJ)
\calc@Acount=\count150
\calc@Bcount=\count151
\calc@Adimen=\dimen180
\calc@Bdimen=\dimen181
\calc@Askip=\skip57
\calc@Bskip=\skip58
LaTeX Info: Redefining \setlength on input line 76.
LaTeX Info: Redefining \addtolength on input line 77.
\calc@Ccount=\count152
\calc@Cskip=\skip59
)
\pgf@logicalpages=\count153
\pgf@firstshipout=\count154
\pgf@lastshipout=\count155
\pgf@currentshipout=\count156
\pgf@cpn=\count157
\pgf@shipoutnextto=\count158
\pgfphysicalheight=\dimen182
\pgfphysicalwidth=\dimen183
\pgfpages@shipoutbox=\box52
)
\pgfpages@box@1=\box53
\pgfpages@box@2=\box54
\pgfpages@box@3=\box55
\pgfpages@box@4=\box56
 (./Sweave.sty
Package: Sweave 

(/usr/share/texmf-texlive/tex/latex/base/ifthen.sty
Package: ifthen 2001/05/26 v1.1c Standard LaTeX ifthen package (DPC)
)
(/usr/share/texmf-texlive/tex/latex/fancyvrb/fancyvrb.sty
Package: fancyvrb 2008/02/07

Style option: `fancyvrb' v2.7a, with DG/SPQR fixes, and firstline=lastline fix 
<2008/02/07> (tvz)
\FV@CodeLineNo=\count159
\FV@InFile=\read1
\FV@TabBox=\box57
\c@FancyVerbLine=\count160
\FV@StepNumber=\count161
\FV@OutFile=\write4
) (/usr/share/R/share/texmf/tex/latex/upquote.sty
Package: upquote 2003/08/11 v1.1 Covington's upright-quote modification to verb
atim and verb

(/usr/share/texmf-texlive/tex/latex/base/textcomp.sty
Package: textcomp 2005/09/27 v1.99g Standard LaTeX package
Package textcomp Info: Sub-encoding information:
(textcomp)               5 = only ISO-Adobe without \textcurrency
(textcomp)               4 = 5 + \texteuro
(textcomp)               3 = 4 + \textohm
(textcomp)               2 = 3 + \textestimated + \textcurrency
(textcomp)               1 = TS1 - \textcircled - \t
(textcomp)               0 = TS1 (full)
(textcomp)             Font families with sub-encoding setting implement
(textcomp)             only a restricted character set as indicated.
(textcomp)             Family '?' is the default used for unknown fonts.
(textcomp)             See the documentation for details.
Package textcomp Info: Setting ? sub-encoding to TS1/1 on input line 71.

(/usr/share/texmf-texlive/tex/latex/base/ts1enc.def
File: ts1enc.def 2001/06/05 v3.0e (jk/car/fm) Standard LaTeX file
)
LaTeX Info: Redefining \oldstylenums on input line 266.
Package textcomp Info: Setting cmr sub-encoding to TS1/0 on input line 281.
Package textcomp Info: Setting cmss sub-encoding to TS1/0 on input line 282.
Package textcomp Info: Setting cmtt sub-encoding to TS1/0 on input line 283.
Package textcomp Info: Setting cmvtt sub-encoding to TS1/0 on input line 284.
Package textcomp Info: Setting cmbr sub-encoding to TS1/0 on input line 285.
Package textcomp Info: Setting cmtl sub-encoding to TS1/0 on input line 286.
Package textcomp Info: Setting ccr sub-encoding to TS1/0 on input line 287.
Package textcomp Info: Setting ptm sub-encoding to TS1/4 on input line 288.
Package textcomp Info: Setting pcr sub-encoding to TS1/4 on input line 289.
Package textcomp Info: Setting phv sub-encoding to TS1/4 on input line 290.
Package textcomp Info: Setting ppl sub-encoding to TS1/3 on input line 291.
Package textcomp Info: Setting pag sub-encoding to TS1/4 on input line 292.
Package textcomp Info: Setting pbk sub-encoding to TS1/4 on input line 293.
Package textcomp Info: Setting pnc sub-encoding to TS1/4 on input line 294.
Package textcomp Info: Setting pzc sub-encoding to TS1/4 on input line 295.
Package textcomp Info: Setting bch sub-encoding to TS1/4 on input line 296.
Package textcomp Info: Setting put sub-encoding to TS1/5 on input line 297.
Package textcomp Info: Setting uag sub-encoding to TS1/5 on input line 298.
Package textcomp Info: Setting ugq sub-encoding to TS1/5 on input line 299.
Package textcomp Info: Setting ul8 sub-encoding to TS1/4 on input line 300.
Package textcomp Info: Setting ul9 sub-encoding to TS1/4 on input line 301.
Package textcomp Info: Setting augie sub-encoding to TS1/5 on input line 302.
Package textcomp Info: Setting dayrom sub-encoding to TS1/3 on input line 303.
Package textcomp Info: Setting dayroms sub-encoding to TS1/3 on input line 304.

Package textcomp Info: Setting pxr sub-encoding to TS1/0 on input line 305.
Package textcomp Info: Setting pxss sub-encoding to TS1/0 on input line 306.
Package textcomp Info: Setting pxtt sub-encoding to TS1/0 on input line 307.
Package textcomp Info: Setting txr sub-encoding to TS1/0 on input line 308.
Package textcomp Info: Setting txss sub-encoding to TS1/0 on input line 309.
Package textcomp Info: Setting txtt sub-encoding to TS1/0 on input line 310.
Package textcomp Info: Setting futs sub-encoding to TS1/4 on input line 311.
Package textcomp Info: Setting futx sub-encoding to TS1/4 on input line 312.
Package textcomp Info: Setting futj sub-encoding to TS1/4 on input line 313.
Package textcomp Info: Setting hlh sub-encoding to TS1/3 on input line 314.
Package textcomp Info: Setting hls sub-encoding to TS1/3 on input line 315.
Package textcomp Info: Setting hlst sub-encoding to TS1/3 on input line 316.
Package textcomp Info: Setting hlct sub-encoding to TS1/5 on input line 317.
Package textcomp Info: Setting hlx sub-encoding to TS1/5 on input line 318.
Package textcomp Info: Setting hlce sub-encoding to TS1/5 on input line 319.
Package textcomp Info: Setting hlcn sub-encoding to TS1/5 on input line 320.
Package textcomp Info: Setting hlcw sub-encoding to TS1/5 on input line 321.
Package textcomp Info: Setting hlcf sub-encoding to TS1/5 on input line 322.
Package textcomp Info: Setting pplx sub-encoding to TS1/3 on input line 323.
Package textcomp Info: Setting pplj sub-encoding to TS1/3 on input line 324.
Package textcomp Info: Setting ptmx sub-encoding to TS1/4 on input line 325.
Package textcomp Info: Setting ptmj sub-encoding to TS1/4 on input line 326.
))
(/usr/share/texmf-texlive/tex/latex/base/fontenc.sty
Package: fontenc 2005/09/27 v1.99g Standard LaTeX package

(/usr/share/texmf-texlive/tex/latex/base/t1enc.def
File: t1enc.def 2005/09/27 v1.99g Standard LaTeX file
LaTeX Font Info:    Redeclaring font encoding T1 on input line 43.
))
(/usr/share/texmf-texlive/tex/latex/ae/ae.sty
Package: ae 2001/02/12 1.3 Almost European Computer Modern

(/usr/share/texmf-texlive/tex/latex/base/fontenc.sty
Package: fontenc 2005/09/27 v1.99g Standard LaTeX package

(/usr/share/texmf-texlive/tex/latex/base/t1enc.def
File: t1enc.def 2005/09/27 v1.99g Standard LaTeX file
LaTeX Font Info:    Redeclaring font encoding T1 on input line 43.
)
LaTeX Font Info:    Try loading font information for T1+aer on input line 100.

(/usr/share/texmf-texlive/tex/latex/ae/t1aer.fd
File: t1aer.fd 1997/11/16 Font definitions for T1/aer.
))))
(/usr/share/texmf-texlive/tex/latex/tools/dcolumn.sty
Package: dcolumn 2001/05/28 v1.06 decimal alignment package (DPC)
)
(/usr/share/texmf-texlive/tex/latex/multirow/multirow.sty
\bigstrutjot=\dimen184
)
(/usr/share/texmf-texlive/tex/latex/graphics/epsfig.sty
Package: epsfig 1999/02/16 v1.7a (e)psfig emulation (SPQR)
\epsfxsize=\dimen185
\epsfysize=\dimen186
)
(/usr/share/texmf-texlive/tex/latex/tools/verbatim.sty
Package: verbatim 2003/08/22 v1.5q LaTeX2e package for verbatim enhancements
\every@verbatim=\toks39
\verbatim@line=\toks40
\verbatim@in@stream=\read2
)
(/usr/share/texmf-texlive/tex/latex/rotating/rotating.sty
Package: rotating 2009/03/28 v2.16a rotated objects in LaTeX
\c@r@tfl@t=\count162
\rotFPtop=\skip60
\rotFPbot=\skip61
\rot@float@box=\box58
\rot@mess@toks=\toks41
)
(/usr/share/texmf-texlive/tex/latex/paralist/paralist.sty
Package: paralist 2002/03/18 v2.3b Extended list environments (BS)
\pltopsep=\skip62
\plpartopsep=\skip63
\plitemsep=\skip64
\plparsep=\skip65
\pl@lab=\toks42
)
(/usr/share/texmf-texlive/tex/latex/float/float.sty
Package: float 2001/11/08 v1.3d Float enhancements (AL)
\c@float@type=\count163
\float@exts=\toks43
\float@box=\box59
\@float@everytoks=\toks44
\@floatcapt=\box60
) (./4uphandouts.aux)
\openout1 = `4uphandouts.aux'.

LaTeX Font Info:    Checking defaults for OML/cmm/m/it on input line 78.
LaTeX Font Info:    ... okay on input line 78.
LaTeX Font Info:    Checking defaults for T1/cmr/m/n on input line 78.
LaTeX Font Info:    ... okay on input line 78.
LaTeX Font Info:    Checking defaults for OT1/cmr/m/n on input line 78.
LaTeX Font Info:    ... okay on input line 78.
LaTeX Font Info:    Checking defaults for OMS/cmsy/m/n on input line 78.
LaTeX Font Info:    ... okay on input line 78.
LaTeX Font Info:    Checking defaults for OMX/cmex/m/n on input line 78.
LaTeX Font Info:    ... okay on input line 78.
LaTeX Font Info:    Checking defaults for U/cmr/m/n on input line 78.
LaTeX Font Info:    ... okay on input line 78.
LaTeX Font Info:    Checking defaults for PD1/pdf/m/n on input line 78.
LaTeX Font Info:    ... okay on input line 78.
LaTeX Font Info:    Checking defaults for TS1/cmr/m/n on input line 78.
LaTeX Font Info:    Try loading font information for TS1+cmr on input line 78.

(/usr/share/texmf-texlive/tex/latex/base/ts1cmr.fd
File: ts1cmr.fd 1999/05/25 v2.5h Standard LaTeX font definitions
)
LaTeX Font Info:    ... okay on input line 78.
LaTeX Font Info:    Try loading font information for T1+aess on input line 78.

(/usr/share/texmf-texlive/tex/latex/ae/t1aess.fd
File: t1aess.fd 1997/11/16 Font definitions for T1/aess.
)
(/usr/share/texmf/tex/context/base/supp-pdf.mkii
[Loading MPS to PDF converter (version 2006.09.02).]
\scratchcounter=\count164
\scratchdimen=\dimen187
\scratchbox=\box61
\nofMPsegments=\count165
\nofMParguments=\count166
\everyMPshowfont=\toks45
\MPscratchCnt=\count167
\MPscratchDim=\dimen188
\MPnumerator=\count168
\everyMPtoPDFconversion=\toks46
)
*geometry auto-detecting driver*
*geometry detected driver: pdftex*
-------------------- Geometry parameters
paper: user defined
landscape: --
twocolumn: --
twoside: --
asymmetric: --
h-parts: 11.74988pt, 340.6956pt, 11.74988pt
v-parts: 0.0pt, 273.14662pt, 0.0pt
hmarginratio: --
vmarginratio: --
lines: --
heightrounded: --
bindingoffset: 0.0pt
truedimen: --
includehead: true
includefoot: true
includemp: --
driver: pdftex
-------------------- Page layout dimensions and switches
\paperwidth  364.19536pt
\paperheight 273.14662pt
\textwidth  340.6956pt
\textheight 244.6939pt
\oddsidemargin  -60.52011pt
\evensidemargin -60.52011pt
\topmargin  -72.26999pt
\headheight 14.22636pt
\headsep    0.0pt
\footskip   14.22636pt
\marginparwidth 4.0pt
\marginparsep   10.0pt
\columnsep  10.0pt
\skip\footins  10.8pt plus 4.0pt minus 2.0pt
\hoffset 0.0pt
\voffset 0.0pt
\mag 1000

(1in=72.27pt, 1cm=28.45pt)
-----------------------
Package hyperref Info: Link coloring OFF on input line 78.
(/usr/share/texmf-texlive/tex/latex/hyperref/nameref.sty
Package: nameref 2007/05/29 v2.31 Cross-referencing by name of section

(/usr/share/texmf-texlive/tex/latex/oberdiek/refcount.sty
Package: refcount 2008/08/11 v3.1 Data extraction from references (HO)
)
\c@section@level=\count169
)
LaTeX Info: Redefining \ref on input line 78.
LaTeX Info: Redefining \pageref on input line 78.
 (./4uphandouts.out) (./4uphandouts.out)
\@outlinefile=\write5
\openout5 = `4uphandouts.out'.

\AtBeginShipoutBox=\box62
LaTeX Font Info:    Overwriting symbol font `operators' in version `normal'
(Font)                  OT1/cmr/m/n --> OT1/cmss/m/n on input line 78.
LaTeX Font Info:    Overwriting symbol font `operators' in version `bold'
(Font)                  OT1/cmr/bx/n --> OT1/cmss/bx/n on input line 78.
\symnumbers=\mathgroup6
\sympureletters=\mathgroup7
LaTeX Font Info:    Overwriting math alphabet `\mathrm' in version `normal'
(Font)                  OT1/cmss/m/n --> T1/aer/m/n on input line 78.
LaTeX Font Info:    Redeclaring math alphabet \mathbf on input line 78.
LaTeX Font Info:    Overwriting math alphabet `\mathbf' in version `normal'
(Font)                  OT1/cmr/bx/n --> T1/aess/bx/n on input line 78.
LaTeX Font Info:    Overwriting math alphabet `\mathbf' in version `bold'
(Font)                  OT1/cmr/bx/n --> T1/aess/bx/n on input line 78.
LaTeX Font Info:    Redeclaring math alphabet \mathsf on input line 78.
LaTeX Font Info:    Overwriting math alphabet `\mathsf' in version `normal'
(Font)                  OT1/cmss/m/n --> T1/aess/m/n on input line 78.
LaTeX Font Info:    Overwriting math alphabet `\mathsf' in version `bold'
(Font)                  OT1/cmss/bx/n --> T1/aess/m/n on input line 78.
LaTeX Font Info:    Redeclaring math alphabet \mathit on input line 78.
LaTeX Font Info:    Overwriting math alphabet `\mathit' in version `normal'
(Font)                  OT1/cmr/m/it --> T1/aess/m/it on input line 78.
LaTeX Font Info:    Overwriting math alphabet `\mathit' in version `bold'
(Font)                  OT1/cmr/bx/it --> T1/aess/m/it on input line 78.
LaTeX Font Info:    Redeclaring math alphabet \mathtt on input line 78.
LaTeX Font Info:    Overwriting math alphabet `\mathtt' in version `normal'
(Font)                  OT1/cmtt/m/n --> T1/aett/m/n on input line 78.
LaTeX Font Info:    Overwriting math alphabet `\mathtt' in version `bold'
(Font)                  OT1/cmtt/m/n --> T1/aett/m/n on input line 78.
LaTeX Font Info:    Overwriting symbol font `numbers' in version `bold'
(Font)                  T1/aess/m/n --> T1/aess/bx/n on input line 78.
LaTeX Font Info:    Overwriting symbol font `pureletters' in version `bold'
(Font)                  T1/aess/m/it --> T1/aess/bx/it on input line 78.
LaTeX Font Info:    Overwriting math alphabet `\mathrm' in version `bold'
(Font)                  OT1/cmss/bx/n --> T1/aer/bx/n on input line 78.
LaTeX Font Info:    Overwriting math alphabet `\mathbf' in version `bold'
(Font)                  T1/aess/bx/n --> T1/aess/bx/n on input line 78.
LaTeX Font Info:    Overwriting math alphabet `\mathsf' in version `bold'
(Font)                  T1/aess/m/n --> T1/aess/bx/n on input line 78.
LaTeX Font Info:    Overwriting math alphabet `\mathit' in version `bold'
(Font)                  T1/aess/m/it --> T1/aess/bx/it on input line 78.
LaTeX Font Info:    Overwriting math alphabet `\mathtt' in version `bold'
(Font)                  T1/aett/m/n --> T1/aett/bx/n on input line 78.

(/usr/share/texmf-texlive/tex/latex/translator/translator-theorem-dictionary-En
glish.dict
Dictionary: translator-theorem-dictionary, Language: English 
) (./4uphandouts.nav)
Overfull \hbox (94.8694pt too wide) in paragraph at lines 78--78
 [][][][]  
 []


Overfull \hbox (94.8694pt too wide) has occurred while \output is active
 [][][][]  
 []

(./4uphandouts.toc)
Overfull \hbox (94.8694pt too wide) has occurred while \output is active
 [][][][]  
 []

(./4uphandouts.toc)
Overfull \hbox (94.8694pt too wide) has occurred while \output is active
 [][][][]  
 []

(./4uphandouts.toc)
Overfull \hbox (94.8694pt too wide) has occurred while \output is active
 [][][][]  
 []

[5

{/var/lib/texmf/fonts/map/pdftex/updmap/pdftex.map}



]
Overfull \hbox (94.8694pt too wide) has occurred while \output is active
 [][][][]  
 []


Overfull \hbox (94.8694pt too wide) has occurred while \output is active
 [][][][]  
 []


Overfull \hbox (94.8694pt too wide) has occurred while \output is active
 [][][][]  
 []


Overfull \hbox (94.8694pt too wide) has occurred while \output is active
 [][][][]  
 []

[9




] <./img/jen1.jpg, id=172, 903.375pt x 903.375pt>
File: ./img/jen1.jpg Graphic file (type jpg)
 <use ./img/jen1.jpg>
! Too many }'s.
\endframe ->\egroup 
                    \begingroup \def \@currenvir {frame}
l.157 \end{frame}
                 
You've closed more groups than you opened.
Such booboos are generally harmless, so keep going.

(./4uphandouts.toc)
Overfull \hbox (94.8694pt too wide) has occurred while \output is active
 [][][][]  
 []

<./img/jen.jpg, id=188, 291.489pt x 291.489pt>
File: ./img/jen.jpg Graphic file (type jpg)
 <use ./img/jen.jpg>
Overfull \hbox (94.8694pt too wide) has occurred while \output is active
 [][][][]  
 []

[13




 <./img/jen1.jpg> <./img/jen.jpg>]
Overfull \hbox (94.8694pt too wide) has occurred while \output is active
 [][][][]  
 []


Overfull \hbox (94.8694pt too wide) has occurred while \output is active
 [][][][]  
 []

<./img/fast.jpg, id=202, 3212.0pt x 2132.96875pt>
File: ./img/fast.jpg Graphic file (type jpg)
 <use ./img/fast.jpg>
<./img/narrow.jpg, id=203, 1939.245pt x 1846.9pt>
File: ./img/narrow.jpg Graphic file (type jpg)
 <use ./img/narrow.jpg>
[17




 <./img/fast.jpg> <./img/narrow.jpg>]
<./img/horseshoes2.jpg, id=212, 1606.0pt x 1204.5pt>
File: ./img/horseshoes2.jpg Graphic file (type jpg)

<use ./img/horseshoes2.jpg> (./4uphandouts.toc)
Overfull \hbox (94.8694pt too wide) has occurred while \output is active
 [][][][]  
 []

(./4uphandouts.toc)
Overfull \hbox (94.8694pt too wide) has occurred while \output is active
 [][][][]  
 []


Overfull \hbox (94.8694pt too wide) has occurred while \output is active
 [][][][]  
 []

[21




 <./img/horseshoes2.jpg>] <./img/datain.jpg, id=256, 2569.6pt x 1927.2pt>
File: ./img/datain.jpg Graphic file (type jpg)

<use ./img/datain.jpg>
<./img/silvergoldbars.jpg, id=257, 578.16pt x 387.849pt>
File: ./img/silvergoldbars.jpg Graphic file (type jpg)

<use ./img/silvergoldbars.jpg>
<./img/policyproduct.jpg, id=258, 3083.52pt x 2040.62375pt>
File: ./img/policyproduct.jpg Graphic file (type jpg)

<use ./img/policyproduct.jpg> (./4uphandouts.toc)
Overfull \hbox (94.8694pt too wide) has occurred while \output is active
 [][][][]  
 []

[25




 <./img/datain.jpg> <./img/silvergoldbars.jpg> <./img/policyproduct.jpg>]
Overfull \hbox (94.8694pt too wide) has occurred while \output is active
 [][][][]  
 []

<./img/frustration.jpg, id=284, 1015.795pt x 851.18pt>
File: ./img/frustration.jpg Graphic file (type jpg)

<use ./img/frustration.jpg>
Overfull \hbox (94.8694pt too wide) has occurred while \output is active
 [][][][]  
 []

<./img/paperwork.jpg, id=286, 240.9pt x 227.4096pt>
File: ./img/paperwork.jpg Graphic file (type jpg)
 <use ./img/paperwork.jpg>
[29




 <./img/frustration.jpg> <./img/paperwork.jpg>]
Overfull \hbox (94.8694pt too wide) has occurred while \output is active
 [][][][]  
 []

<./img/jail.jpg, id=296, 2264.46pt x 1501.61pt>
File: ./img/jail.jpg Graphic file (type jpg)
 <use ./img/jail.jpg>
Overfull \hbox (94.8694pt too wide) has occurred while \output is active
 [][][][]  
 []

<./img/puzzleorg.jpg, id=298, 1606.0pt x 1204.5pt>
File: ./img/puzzleorg.jpg Graphic file (type jpg)
 <use ./img/puzzleorg.jpg>
[33




 <./img/jail.jpg> <./img/puzzleorg.jpg>]
<./img/irrelevant.jpg, id=308, 1267.73625pt x 1168.365pt>
File: ./img/irrelevant.jpg Graphic file (type jpg)

<use ./img/irrelevant.jpg>
Overfull \hbox (94.8694pt too wide) has occurred while \output is active
 [][][][]  
 []

(./4uphandouts.toc)
Overfull \hbox (94.8694pt too wide) has occurred while \output is active
 [][][][]  
 []


Overfull \hbox (94.8694pt too wide) has occurred while \output is active
 [][][][]  
 []

[37




 <./img/irrelevant.jpg>]
Overfull \hbox (94.8694pt too wide) has occurred while \output is active
 [][][][]  
 []

(./4uphandouts.toc)
Overfull \hbox (94.8694pt too wide) has occurred while \output is active
 [][][][]  
 []

(./4uphandouts.toc)
Overfull \hbox (94.8694pt too wide) has occurred while \output is active
 [][][][]  
 []


Overfull \hbox (94.8694pt too wide) has occurred while \output is active
 [][][][]  
 []

<./img/rstudio-windows.png, id=368, 952.55875pt x 792.9625pt>
File: ./img/rstudio-windows.png Graphic file (type png)

<use ./img/rstudio-windows.png> [41




]
Overfull \hbox (94.8694pt too wide) has occurred while \output is active
 [][][][]  
 []


Overfull \hbox (94.8694pt too wide) has occurred while \output is active
 [][][][]  
 []

<./img/hex.pdf, id=386, 505.89pt x 505.89pt>
File: ./img/hex.pdf Graphic file (type pdf)
 <use ./img/hex.pdf>
<./img/crosstab.pdf, id=387, 505.89pt x 505.89pt>
File: ./img/crosstab.pdf Graphic file (type pdf)
 <use ./img/crosstab.pdf>
<./img/condensity.pdf, id=388, 505.89pt x 505.89pt>
File: ./img/condensity.pdf Graphic file (type pdf)
 <use ./img/condensity.pdf>
<./img/heatmap.pdf, id=389, 505.89pt x 505.89pt>
File: ./img/heatmap.pdf Graphic file (type pdf)
 <use ./img/heatmap.pdf>
Overfull \hbox (94.8694pt too wide) has occurred while \output is active
 [][][][]  
 []

(./4uphandouts.toc)
Overfull \hbox (94.8694pt too wide) has occurred while \output is active
 [][][][]  
 []

<./img/classtree.pdf, id=406, 433.62pt x 361.35pt>
File: ./img/classtree.pdf Graphic file (type pdf)
 <use ./img/classtree.pdf>
Overfull \vbox (12.83403pt too high) detected at line 457
 []

[45




 <./img/rstudio-windows.png> <./img/hex.pdf> <./img/crosstab.pdf> <./img/conden
sity.pdf> <./img/heatmap.pdf>]
Overfull \hbox (94.8694pt too wide) has occurred while \output is active
 [][][][]  
 []

File: ./img/classtree.pdf Graphic file (type pdf)
<use ./img/classtree.pdf> <./img/crosstab2.pdf, id=451, 433.62pt x 361.35pt>
File: ./img/crosstab2.pdf Graphic file (type pdf)

<use ./img/crosstab2.pdf>
Overfull \vbox (31.4813pt too high) detected at line 471
 []


Overfull \hbox (94.8694pt too wide) has occurred while \output is active
 [][][][]  
 []

<./img/FRL2010.png, id=453, 566.115pt x 556.32843pt>
File: ./img/FRL2010.png Graphic file (type png)
 <use ./img/FRL2010.png>
Overfull \vbox (6.35922pt too high) detected at line 480
 []


Overfull \hbox (94.8694pt too wide) has occurred while \output is active
 [][][][]  
 []

File: ./img/heatmap.pdf Graphic file (type pdf)
<use ./img/heatmap.pdf>
Overfull \vbox (10.11354pt too high) detected at line 489
 []

[49




 <./img/classtree.pdf> <./img/crosstab2.pdf> <./img/FRL2010.png (PNG copy)>]
Overfull \hbox (94.8694pt too wide) has occurred while \output is active
 [][][][]  
 []

File: ./img/condensity.pdf Graphic file (type pdf)
<use ./img/condensity.pdf>
Overfull \vbox (10.11354pt too high) detected at line 498
 []


Overfull \hbox (94.8694pt too wide) has occurred while \output is active
 [][][][]  
 []

File: ./img/hex.pdf Graphic file (type pdf)
<use ./img/hex.pdf>
Overfull \vbox (10.11354pt too high) detected at line 507
 []


Overfull \hbox (94.8694pt too wide) has occurred while \output is active
 [][][][]  
 []

<./img/occupationscatter.PNG, id=481, 1165.35374pt x 900.36375pt>
File: ./img/occupationscatter.PNG Graphic file (type png)

<use ./img/occupationscatter.PNG>
Overfull \hbox (94.8694pt too wide) has occurred while \output is active
 [][][][]  
 []

<./img/g3belowproficientreadingscores.pdf, id=483, 794.97pt x 614.295pt>
File: ./img/g3belowproficientreadingscores.pdf Graphic file (type pdf)

<use ./img/g3belowproficientreadingscores.pdf> [53




 <./img/occupationscatter.PNG (PNG copy)>]
Overfull \hbox (94.8694pt too wide) has occurred while \output is active
 [][][][]  
 []

<./img/proficiencypolygon.pdf, id=495, 433.62pt x 361.35pt>
File: ./img/proficiencypolygon.pdf Graphic file (type pdf)

<use ./img/proficiencypolygon.pdf>
Overfull \vbox (14.95929pt too high) detected at line 539
 []


Overfull \hbox (94.8694pt too wide) has occurred while \output is active
 [][][][]  
 []

<./img/facetstudents.pdf, id=497, 433.62pt x 361.35pt>
File: ./img/facetstudents.pdf Graphic file (type pdf)

<use ./img/facetstudents.pdf>
Overfull \vbox (24.82973pt too high) detected at line 551
 []


Overfull \hbox (94.8694pt too wide) has occurred while \output is active
 [][][][]  
 []

<./img/facetstudentspoly.pdf, id=499, 433.62pt x 361.35pt>
File: ./img/facetstudentspoly.pdf Graphic file (type pdf)

<use ./img/facetstudentspoly.pdf>
Overfull \vbox (26.51044pt too high) detected at line 562
 []


Overfull \hbox (94.8694pt too wide) has occurred while \output is active
 [][][][]  
 []

(./4uphandouts.toc) [57




 <./img/g3belowproficientreadingscores.pdf> <./img/proficiencypolygon.pdf> <./i
mg/facetstudents.pdf> <./img/facetstudentspoly.pdf>]
Overfull \hbox (94.8694pt too wide) has occurred while \output is active
 [][][][]  
 []

LaTeX Font Info:    Try loading font information for T1+aett on input line 575.

(/usr/share/texmf-texlive/tex/latex/ae/t1aett.fd
File: t1aett.fd 1997/11/16 Font definitions for T1/aett.
)
Overfull \hbox (94.8694pt too wide) has occurred while \output is active
 [][][][]  
 []


Overfull \hbox (94.8694pt too wide) has occurred while \output is active
 [][][][]  
 []

LaTeX Font Info:    Try loading font information for TS1+aett on input line 635
.
(/usr/share/R/share/texmf/tex/latex/ts1aett.fd
File: ts1aett.fd 
)
LaTeX Font Info:    Try loading font information for TS1+cmtt on input line 635
.

(/usr/share/texmf-texlive/tex/latex/base/ts1cmtt.fd
File: ts1cmtt.fd 1999/05/25 v2.5h Standard LaTeX font definitions
)
LaTeX Font Info:    Font shape `TS1/aett/m/n' in size <10> not available
(Font)              Font shape `TS1/cmtt/m/n' tried instead on input line 635.

Overfull \hbox (94.8694pt too wide) has occurred while \output is active
 [][][][]  
 []

[61




]
Overfull \hbox (94.8694pt too wide) has occurred while \output is active
 [][][][]  
 []

LaTeX Font Info:    Try loading font information for U+msa on input line 724.
(/usr/share/texmf-texlive/tex/latex/amsfonts/umsa.fd
File: umsa.fd 2009/06/22 v3.00 AMS symbols A
)
LaTeX Font Info:    Try loading font information for U+msb on input line 724.

(/usr/share/texmf-texlive/tex/latex/amsfonts/umsb.fd
File: umsb.fd 2009/06/22 v3.00 AMS symbols B
)
LaTeX Font Info:    Font shape `T1/aess/m/it' in size <12> not available
(Font)              Font shape `T1/aess/m/sl' tried instead on input line 724.
LaTeX Font Info:    Font shape `T1/aess/m/it' in size <8> not available
(Font)              Font shape `T1/aess/m/sl' tried instead on input line 724.
LaTeX Font Info:    Font shape `T1/aess/m/it' in size <6> not available
(Font)              Font shape `T1/aess/m/sl' tried instead on input line 724.

Overfull \hbox (94.8694pt too wide) has occurred while \output is active
 [][][][]  
 []

(./4uphandouts.toc)
Overfull \hbox (94.8694pt too wide) has occurred while \output is active
 [][][][]  
 []

(./4uphandouts.toc)
Overfull \hbox (94.8694pt too wide) has occurred while \output is active
 [][][][]  
 []

[65




]
Overfull \hbox (94.8694pt too wide) has occurred while \output is active
 [][][][]  
 []


Overfull \vbox (80.637pt too high) detected at line 771
 []


Overfull \hbox (94.8694pt too wide) has occurred while \output is active
 [][][][]  
 []


Overfull \hbox (39.91151pt too wide) in paragraph at lines 795--795
 [] 
 []


Overfull \hbox (94.8694pt too wide) has occurred while \output is active
 [][][][]  
 []

(./4uphandouts.toc)
Overfull \hbox (94.8694pt too wide) has occurred while \output is active
 [][][][]  
 []

\openout3 = `4uphandouts.vrb'.

(./4uphandouts.vrb) [69




]
Overfull \hbox (94.8694pt too wide) has occurred while \output is active
 [][][][]  
 []


Overfull \hbox (94.8694pt too wide) has occurred while \output is active
 [][][][]  
 []


Overfull \hbox (94.8694pt too wide) has occurred while \output is active
 [][][][]  
 []

<./img/residplot.pdf, id=650, 433.62pt x 361.35pt>
File: ./img/residplot.pdf Graphic file (type pdf)
 <use ./img/residplot.pdf>
Overfull \vbox (12.83403pt too high) detected at line 857
 []


Overfull \hbox (94.8694pt too wide) has occurred while \output is active
 [][][][]  
 []

<./img/fittedplot.pdf, id=652, 433.62pt x 361.35pt>
File: ./img/fittedplot.pdf Graphic file (type pdf)
 <use ./img/fittedplot.pdf>
Overfull \vbox (12.83403pt too high) detected at line 865
 []

[73






 <./img/residplot.pdf>]
Overfull \hbox (94.8694pt too wide) has occurred while \output is active
 [][][][]  
 []

<mlfitted.png, id=673, 481.8pt x 481.8pt>
File: mlfitted.png Graphic file (type png)
 <use mlfitted.png>
Overfull \vbox (3.89172pt too high) detected at line 874
 []


Overfull \hbox (94.8694pt too wide) has occurred while \output is active
 [][][][]  
 []

<OLSandMLM.png, id=675, 481.8pt x 481.8pt>
File: OLSandMLM.png Graphic file (type png)
 <use OLSandMLM.png>
Overfull \hbox (94.8694pt too wide) has occurred while \output is active
 [][][][]  
 []

\tf@nav=\write6
\openout6 = `4uphandouts.nav'.

\tf@toc=\write7
\openout7 = `4uphandouts.toc'.

\tf@snm=\write8
\openout8 = `4uphandouts.snm'.

[76



 <./img/fittedplot.pdf> <./mlfitted.png (PNG copy)> <./OLSandMLM.png (PNG copy)
>] (./4uphandouts.aux)

LaTeX Warning: Label(s) may have changed. Rerun to get cross-references right.

 ) 
Here is how much of TeX's memory you used:
 15118 strings out of 493848
 263409 string characters out of 1152823
 385857 words of memory out of 3000000
 17702 multiletter control sequences out of 15000+50000
 36900 words of font info for 74 fonts, out of 3000000 for 9000
 714 hyphenation exceptions out of 8191
 45i,16n,65p,341b,623s stack positions out of 5000i,500n,10000p,200000b,50000s
pdfTeX warning (dest): name{Navigation82} has been referenced but does not ex
ist, replaced by a fixed one

pdfTeX warning (dest): name{Navigation78} has been referenced but does not exis
t, replaced by a fixed one

pdfTeX warning (dest): name{Navigation77} has been referenced but does not exis
t, replaced by a fixed one

pdfTeX warning (dest): name{Navigation89} has been referenced but does not exis
t, replaced by a fixed one

pdfTeX warning (dest): name{Outline0.4.2.82} has been referenced but does not e
xist, replaced by a fixed one

pdfTeX warning (dest): name{Outline0.4.1.78} has been referenced but does not e
xist, replaced by a fixed one

pdfTeX warning (dest): name{Outline0.3.3.71} has been referenced but does not e
xist, replaced by a fixed one

pdfTeX warning (dest): name{Outline0.3.2.58} has been referenced but does not e
xist, replaced by a fixed one

pdfTeX warning (dest): name{Outline0.3.1.53} has been referenced but does not e
xist, replaced by a fixed one

pdfTeX warning (dest): name{Outline0.2.3.49} has been referenced but does not e
xist, replaced by a fixed one

pdfTeX warning (dest): name{Outline0.2.2.33} has been referenced but does not e
xist, replaced by a fixed one

pdfTeX warning (dest): name{Outline0.2.1.28} has been referenced but does not e
xist, replaced by a fixed one

pdfTeX warning (dest): name{Outline0.1.2.16} has been referenced but does not e
xist, replaced by a fixed one

{/usr/share/texmf/fonts/enc/dvips/cm-super/cm-super-ts1.enc}</usr/share/texmf-t
exlive/fonts/type1/public/amsfonts/cm/cmmi12.pfb></usr/share/texmf-texlive/font
s/type1/public/amsfonts/cm/cmss12.pfb></usr/share/texmf-texlive/fonts/type1/pub
lic/amsfonts/cm/cmss17.pfb></usr/share/texmf-texlive/fonts/type1/public/amsfont
s/cm/cmss8.pfb></usr/share/texmf-texlive/fonts/type1/public/amsfonts/cm/cmssbx1
0.pfb></usr/share/texmf-texlive/fonts/type1/public/amsfonts/cm/cmtt10.pfb></usr
/share/texmf/fonts/type1/public/cm-super/sftt1000.pfb>
Output written on 4uphandouts.pdf (19 pages, 11782993 bytes).
PDF statistics:
 757 PDF objects out of 1000 (max. 8388607)
 170 named destinations out of 1000 (max. 500000)
 337 words of extra memory for PDF output out of 10000 (max. 10000000)

